<?xml version="1.0" encoding="UTF-8"?>
<!-- Generated by org.testng.reporters.JUnitXMLReporter -->
<testsuite hostname="Darshan" name="Default test" tests="8" failures="0" timestamp="8 Oct 2019 23:28:48 GMT" time="28.646" errors="0">
  <testcase name="RegistrationPage_Testcase1" time="4.915" classname="WorkMarket.TestCases.TestCasesRegistrationPage"/>
  <testcase name="RegistrationPage_Testcase_UncheckedCheckBox" time="2.522" classname="WorkMarket.TestCases.TestCasesRegistrationPage"/>
  <testcase name="RegistrationPage_Testcase_emptyEmailId" time="1.633" classname="WorkMarket.TestCases.TestCasesRegistrationPage"/>
  <testcase name="RegistrationPage_Testcase_emptyFields_and_Checkbox" time="1.159" classname="WorkMarket.TestCases.TestCasesRegistrationPage"/>
  <testcase name="RegistrationPage_Testcase_emptyFirstName" time="1.847" classname="WorkMarket.TestCases.TestCasesRegistrationPage"/>
  <testcase name="RegistrationPage_Testcase_emptyLastName" time="1.797" classname="WorkMarket.TestCases.TestCasesRegistrationPage"/>
  <testcase name="RegistrationPage_Testcase_emptyPassword" time="1.765" classname="WorkMarket.TestCases.TestCasesRegistrationPage"/>
  <testcase name="RegistrationPage_Testcase_onlyCheckedChexbox" time="1.277" classname="WorkMarket.TestCases.TestCasesRegistrationPage"/>
</testsuite> <!-- Default test -->
