<?xml version="1.0" encoding="UTF-8"?>
<!-- Generated by org.testng.reporters.JUnitXMLReporter -->
<testsuite hostname="Darshan" name="Test" tests="9" failures="1" timestamp="8 Oct 2019 23:08:55 GMT" time="137.699" errors="0">
  <testcase name="LoginPage_Testcase" time="0.006" classname="WorkMarket.TestCases.TestCasesLoginPage">
    <failure type="java.lang.NullPointerException">
      <![CDATA[java.lang.NullPointerException
	at WorkMarket.TestCases.TestCasesLoginPage.LoginPage_Testcase(TestCasesLoginPage.java:16)
... Removed 24 stack frames]]>
    </failure>
  </testcase> <!-- LoginPage_Testcase -->
  <testcase name="RegistrationPage_Testcase1" time="14.041" classname="WorkMarket.TestCases.TestCasesRegistrationPage"/>
  <testcase name="RegistrationPage_Testcase_UncheckedCheckBox" time="32.407" classname="WorkMarket.TestCases.TestCasesRegistrationPage"/>
  <testcase name="RegistrationPage_Testcase_emptyEmailId" time="20.639" classname="WorkMarket.TestCases.TestCasesRegistrationPage"/>
  <testcase name="RegistrationPage_Testcase_emptyFields_and_Checkbox" time="11.046" classname="WorkMarket.TestCases.TestCasesRegistrationPage"/>
  <testcase name="RegistrationPage_Testcase_emptyFirstName" time="11.737" classname="WorkMarket.TestCases.TestCasesRegistrationPage"/>
  <testcase name="RegistrationPage_Testcase_emptyLastName" time="11.705" classname="WorkMarket.TestCases.TestCasesRegistrationPage"/>
  <testcase name="RegistrationPage_Testcase_emptyPassword" time="11.608" classname="WorkMarket.TestCases.TestCasesRegistrationPage"/>
  <testcase name="RegistrationPage_Testcase_onlyCheckedChexbox" time="11.149" classname="WorkMarket.TestCases.TestCasesRegistrationPage"/>
</testsuite> <!-- Test -->
