<?xml version="1.0" encoding="UTF-8"?>
<!-- Generated by org.testng.reporters.JUnitXMLReporter -->
<testsuite hostname="Darshan" name="test" tests="9" failures="0" timestamp="9 Oct 2019 00:09:30 GMT" time="42.47" errors="0">
  <testcase name="RegistrationPage_Testcase1" time="5.582" classname="WorkMarket.TestCases.TestCasesRegistrationPage"/>
  <testcase name="RegistrationPage_Testcase_UncheckedCheckBox" time="2.062" classname="WorkMarket.TestCases.TestCasesRegistrationPage"/>
  <testcase name="RegistrationPage_Testcase_emptyEmailId" time="1.559" classname="WorkMarket.TestCases.TestCasesRegistrationPage"/>
  <testcase name="RegistrationPage_Testcase_emptyFields_and_Checkbox" time="1.166" classname="WorkMarket.TestCases.TestCasesRegistrationPage"/>
  <testcase name="RegistrationPage_Testcase_emptyFirstName" time="1.712" classname="WorkMarket.TestCases.TestCasesRegistrationPage"/>
  <testcase name="RegistrationPage_Testcase_emptyLastName" time="1.832" classname="WorkMarket.TestCases.TestCasesRegistrationPage"/>
  <testcase name="RegistrationPage_Testcase_emptyPassword" time="1.695" classname="WorkMarket.TestCases.TestCasesRegistrationPage"/>
  <testcase name="RegistrationPage_Testcase_onlyCheckedChexbox" time="1.285" classname="WorkMarket.TestCases.TestCasesRegistrationPage"/>
  <testcase name="LoginPage_Testcase" time="13.334" classname="WorkMarket.TestCases.TestCasesLoginPage"/>
</testsuite> <!-- test -->
